<?xml version="1.0" encoding="UTF-8"?>
<testsuite xmlns:xsi="http://www.w3.org/2001/XMLSchema-instance" xsi:noNamespaceSchemaLocation="https://maven.apache.org/surefire/maven-surefire-plugin/xsd/surefire-test-report-3.0.xsd" version="3.0" name="com.vanitystore.test.PrendaDAOTest" time="0.984" tests="1" errors="1" skipped="0" failures="0">
  <properties>
[...]
</properties>
  <testcase name="testAgregarPrendaCompleta" classname="com.vanitystore.test.PrendaDAOTest" time="0.928">
    <error message="Cannot invoke &quot;java.sql.Connection.setAutoCommit(boolean)&quot; because &quot;cn&quot; is null" type="java.lang.NullPointerException"><![CDATA[java.lang.NullPointerException: Cannot invoke "java.sql.Connection.setAutoCommit(boolean)" because "cn" is null
	at com.vanitystore.model.PrendaDAO.agregarPrendaCompleta(PrendaDAO.java:70)
	at com.vanitystore.test.PrendaDAOTest.testAgregarPrendaCompleta(PrendaDAOTest.java:27)
	at java.base/java.lang.reflect.Method.invoke(Method.java:580)
	at java.base/java.util.ArrayList.forEach(ArrayList.java:1597)
	at java.base/java.util.ArrayList.forEach(ArrayList.java:1597)
]]></error>
    <system-out><![CDATA[22:00:08.449 [main] ERROR com.vanitystore.config.Conexion - Error al conectar a la base de datos: Communications link failure

The last packet sent successfully to the server was 0 milliseconds ago. The driver has not received any packets from the server.
]]></system-out>
  </testcase>
</testsuite>